{"C:\\Users\\excel\\Documents\\PRIVATE\\code\\node\\AITI\\basic-school-api\\controllers\\studentController.js": {"path":"C:\\Users\\excel\\Documents\\PRIVATE\\code\\node\\AITI\\basic-school-api\\controllers\\studentController.js","statementMap":{"0":{"start":{"line":1,"column":16},"end":{"line":1,"column":49}},"1":{"start":{"line":2,"column":15},"end":{"line":2,"column":39}},"2":{"start":{"line":5,"column":0},"end":{"line":38,"column":2}},"3":{"start":{"line":6,"column":2},"end":{"line":37,"column":3}},"4":{"start":{"line":7,"column":38},"end":{"line":7,"column":46}},"5":{"start":{"line":10,"column":28},"end":{"line":10,"column":60}},"6":{"start":{"line":11,"column":4},"end":{"line":13,"column":5}},"7":{"start":{"line":12,"column":6},"end":{"line":12,"column":78}},"8":{"start":{"line":16,"column":27},"end":{"line":16,"column":62}},"9":{"start":{"line":19,"column":23},"end":{"line":23,"column":6}},"10":{"start":{"line":26,"column":25},"end":{"line":26,"column":48}},"11":{"start":{"line":29,"column":4},"end":{"line":33,"column":7}},"12":{"start":{"line":35,"column":4},"end":{"line":35,"column":52}},"13":{"start":{"line":36,"column":4},"end":{"line":36,"column":70}},"14":{"start":{"line":41,"column":0},"end":{"line":49,"column":2}},"15":{"start":{"line":42,"column":2},"end":{"line":48,"column":3}},"16":{"start":{"line":43,"column":21},"end":{"line":43,"column":41}},"17":{"start":{"line":44,"column":4},"end":{"line":44,"column":42}},"18":{"start":{"line":46,"column":4},"end":{"line":46,"column":52}},"19":{"start":{"line":47,"column":4},"end":{"line":47,"column":70}},"20":{"start":{"line":52,"column":0},"end":{"line":66,"column":2}},"21":{"start":{"line":53,"column":2},"end":{"line":65,"column":3}},"22":{"start":{"line":54,"column":22},"end":{"line":54,"column":35}},"23":{"start":{"line":55,"column":20},"end":{"line":55,"column":53}},"24":{"start":{"line":57,"column":4},"end":{"line":59,"column":5}},"25":{"start":{"line":58,"column":6},"end":{"line":58,"column":68}},"26":{"start":{"line":61,"column":4},"end":{"line":61,"column":41}},"27":{"start":{"line":63,"column":4},"end":{"line":63,"column":57}},"28":{"start":{"line":64,"column":4},"end":{"line":64,"column":70}},"29":{"start":{"line":69,"column":0},"end":{"line":98,"column":2}},"30":{"start":{"line":70,"column":2},"end":{"line":97,"column":3}},"31":{"start":{"line":71,"column":22},"end":{"line":71,"column":35}},"32":{"start":{"line":72,"column":38},"end":{"line":72,"column":46}},"33":{"start":{"line":75,"column":28},"end":{"line":75,"column":61}},"34":{"start":{"line":76,"column":4},"end":{"line":78,"column":5}},"35":{"start":{"line":77,"column":6},"end":{"line":77,"column":68}},"36":{"start":{"line":81,"column":25},"end":{"line":81,"column":49}},"37":{"start":{"line":82,"column":4},"end":{"line":84,"column":5}},"38":{"start":{"line":83,"column":6},"end":{"line":83,"column":59}},"39":{"start":{"line":87,"column":4},"end":{"line":87,"column":32}},"40":{"start":{"line":88,"column":4},"end":{"line":88,"column":34}},"41":{"start":{"line":89,"column":4},"end":{"line":89,"column":46}},"42":{"start":{"line":92,"column":4},"end":{"line":92,"column":33}},"43":{"start":{"line":93,"column":4},"end":{"line":93,"column":89}},"44":{"start":{"line":95,"column":4},"end":{"line":95,"column":58}},"45":{"start":{"line":96,"column":4},"end":{"line":96,"column":70}},"46":{"start":{"line":101,"column":0},"end":{"line":119,"column":2}},"47":{"start":{"line":102,"column":2},"end":{"line":118,"column":3}},"48":{"start":{"line":103,"column":22},"end":{"line":103,"column":35}},"49":{"start":{"line":106,"column":28},"end":{"line":106,"column":61}},"50":{"start":{"line":107,"column":4},"end":{"line":109,"column":5}},"51":{"start":{"line":108,"column":6},"end":{"line":108,"column":68}},"52":{"start":{"line":112,"column":4},"end":{"line":112,"column":57}},"53":{"start":{"line":114,"column":4},"end":{"line":114,"column":64}},"54":{"start":{"line":116,"column":4},"end":{"line":116,"column":58}},"55":{"start":{"line":117,"column":4},"end":{"line":117,"column":70}}},"fnMap":{"0":{"name":"(anonymous_0)","decl":{"start":{"line":5,"column":24},"end":{"line":5,"column":25}},"loc":{"start":{"line":5,"column":44},"end":{"line":38,"column":1}},"line":5},"1":{"name":"(anonymous_1)","decl":{"start":{"line":41,"column":25},"end":{"line":41,"column":26}},"loc":{"start":{"line":41,"column":45},"end":{"line":49,"column":1}},"line":41},"2":{"name":"(anonymous_2)","decl":{"start":{"line":52,"column":25},"end":{"line":52,"column":26}},"loc":{"start":{"line":52,"column":45},"end":{"line":66,"column":1}},"line":52},"3":{"name":"(anonymous_3)","decl":{"start":{"line":69,"column":28},"end":{"line":69,"column":29}},"loc":{"start":{"line":69,"column":48},"end":{"line":98,"column":1}},"line":69},"4":{"name":"(anonymous_4)","decl":{"start":{"line":101,"column":28},"end":{"line":101,"column":29}},"loc":{"start":{"line":101,"column":48},"end":{"line":119,"column":1}},"line":101}},"branchMap":{"0":{"loc":{"start":{"line":11,"column":4},"end":{"line":13,"column":5}},"type":"if","locations":[{"start":{"line":11,"column":4},"end":{"line":13,"column":5}},{"start":{},"end":{}}],"line":11},"1":{"loc":{"start":{"line":57,"column":4},"end":{"line":59,"column":5}},"type":"if","locations":[{"start":{"line":57,"column":4},"end":{"line":59,"column":5}},{"start":{},"end":{}}],"line":57},"2":{"loc":{"start":{"line":76,"column":4},"end":{"line":78,"column":5}},"type":"if","locations":[{"start":{"line":76,"column":4},"end":{"line":78,"column":5}},{"start":{},"end":{}}],"line":76},"3":{"loc":{"start":{"line":82,"column":4},"end":{"line":84,"column":5}},"type":"if","locations":[{"start":{"line":82,"column":4},"end":{"line":84,"column":5}},{"start":{},"end":{}}],"line":82},"4":{"loc":{"start":{"line":107,"column":4},"end":{"line":109,"column":5}},"type":"if","locations":[{"start":{"line":107,"column":4},"end":{"line":109,"column":5}},{"start":{},"end":{}}],"line":107}},"s":{"0":1,"1":1,"2":1,"3":3,"4":3,"5":3,"6":3,"7":1,"8":2,"9":2,"10":2,"11":1,"12":1,"13":1,"14":1,"15":2,"16":2,"17":1,"18":1,"19":1,"20":1,"21":3,"22":3,"23":3,"24":2,"25":1,"26":1,"27":1,"28":1,"29":1,"30":3,"31":3,"32":3,"33":3,"34":3,"35":1,"36":2,"37":2,"38":2,"39":2,"40":2,"41":2,"42":2,"43":1,"44":1,"45":1,"46":1,"47":3,"48":3,"49":3,"50":3,"51":1,"52":2,"53":1,"54":1,"55":1},"f":{"0":3,"1":2,"2":3,"3":3,"4":3},"b":{"0":[1,2],"1":[1,1],"2":[1,2],"3":[2,0],"4":[1,2]},"_coverageSchema":"1a1c01bbd47fc00a2c39e90264f33305004495a9","hash":"6e4f5d588a1c6c8ad1cccc14524d88471bb75c8a"}
,"C:\\Users\\excel\\Documents\\PRIVATE\\code\\node\\AITI\\basic-school-api\\models\\studentModel.js": {"path":"C:\\Users\\excel\\Documents\\PRIVATE\\code\\node\\AITI\\basic-school-api\\models\\studentModel.js","statementMap":{"0":{"start":{"line":1,"column":17},"end":{"line":1,"column":36}},"1":{"start":{"line":2,"column":19},"end":{"line":2,"column":27}},"2":{"start":{"line":4,"column":22},"end":{"line":11,"column":2}},"3":{"start":{"line":13,"column":0},"end":{"line":13,"column":58}}},"fnMap":{},"branchMap":{},"s":{"0":1,"1":1,"2":1,"3":1},"f":{},"b":{},"_coverageSchema":"1a1c01bbd47fc00a2c39e90264f33305004495a9","hash":"4a2d1e9182fcd54fb3e6a4501742d35e7394a182"}
,"C:\\Users\\excel\\Documents\\PRIVATE\\code\\node\\AITI\\basic-school-api\\utils\\hash.js": {"path":"C:\\Users\\excel\\Documents\\PRIVATE\\code\\node\\AITI\\basic-school-api\\utils\\hash.js","statementMap":{"0":{"start":{"line":1,"column":15},"end":{"line":1,"column":32}},"1":{"start":{"line":2,"column":0},"end":{"line":2,"column":27}},"2":{"start":{"line":4,"column":21},"end":{"line":7,"column":1}},"3":{"start":{"line":5,"column":21},"end":{"line":5,"column":65}},"4":{"start":{"line":6,"column":2},"end":{"line":6,"column":49}},"5":{"start":{"line":9,"column":25},"end":{"line":11,"column":1}},"6":{"start":{"line":10,"column":2},"end":{"line":10,"column":61}},"7":{"start":{"line":13,"column":0},"end":{"line":13,"column":52}}},"fnMap":{"0":{"name":"(anonymous_0)","decl":{"start":{"line":4,"column":21},"end":{"line":4,"column":22}},"loc":{"start":{"line":4,"column":41},"end":{"line":7,"column":1}},"line":4},"1":{"name":"(anonymous_1)","decl":{"start":{"line":9,"column":25},"end":{"line":9,"column":26}},"loc":{"start":{"line":9,"column":66},"end":{"line":11,"column":1}},"line":9}},"branchMap":{},"s":{"0":1,"1":1,"2":1,"3":0,"4":0,"5":1,"6":0,"7":1},"f":{"0":0,"1":0},"b":{},"_coverageSchema":"1a1c01bbd47fc00a2c39e90264f33305004495a9","hash":"c1bd26aeac8b321f4a3f0136c770f9dba641076b"}
,"C:\\Users\\excel\\Documents\\PRIVATE\\code\\node\\AITI\\basic-school-api\\utils\\studentValidation.js": {"path":"C:\\Users\\excel\\Documents\\PRIVATE\\code\\node\\AITI\\basic-school-api\\utils\\studentValidation.js","statementMap":{"0":{"start":{"line":2,"column":12},"end":{"line":2,"column":26}},"1":{"start":{"line":4,"column":32},"end":{"line":8,"column":2}},"2":{"start":{"line":10,"column":32},"end":{"line":14,"column":2}},"3":{"start":{"line":16,"column":0},"end":{"line":16,"column":70}}},"fnMap":{},"branchMap":{},"s":{"0":1,"1":1,"2":1,"3":1},"f":{},"b":{},"_coverageSchema":"1a1c01bbd47fc00a2c39e90264f33305004495a9","hash":"a6df521a21db0a636f164af77d4f913bc519e93a"}
,"C:\\Users\\excel\\Documents\\PRIVATE\\code\\node\\AITI\\basic-school-api\\utils\\validateFn.js": {"path":"C:\\Users\\excel\\Documents\\PRIVATE\\code\\node\\AITI\\basic-school-api\\utils\\validateFn.js","statementMap":{"0":{"start":{"line":1,"column":28},"end":{"line":9,"column":1}},"1":{"start":{"line":2,"column":2},"end":{"line":8,"column":4}},"2":{"start":{"line":3,"column":22},"end":{"line":3,"column":47}},"3":{"start":{"line":4,"column":4},"end":{"line":6,"column":5}},"4":{"start":{"line":5,"column":6},"end":{"line":5,"column":73}},"5":{"start":{"line":7,"column":4},"end":{"line":7,"column":11}},"6":{"start":{"line":11,"column":0},"end":{"line":11,"column":41}}},"fnMap":{"0":{"name":"(anonymous_0)","decl":{"start":{"line":1,"column":28},"end":{"line":1,"column":29}},"loc":{"start":{"line":1,"column":40},"end":{"line":9,"column":1}},"line":1},"1":{"name":"(anonymous_1)","decl":{"start":{"line":2,"column":9},"end":{"line":2,"column":10}},"loc":{"start":{"line":2,"column":29},"end":{"line":8,"column":3}},"line":2}},"branchMap":{"0":{"loc":{"start":{"line":4,"column":4},"end":{"line":6,"column":5}},"type":"if","locations":[{"start":{"line":4,"column":4},"end":{"line":6,"column":5}},{"start":{},"end":{}}],"line":4}},"s":{"0":1,"1":0,"2":0,"3":0,"4":0,"5":0,"6":1},"f":{"0":0,"1":0},"b":{"0":[0,0]},"_coverageSchema":"1a1c01bbd47fc00a2c39e90264f33305004495a9","hash":"b80a27b4562050bbf4420408f653d2d88e148855"}
}
