TN:
SF:controllers\studentController.js
FN:5,(anonymous_0)
FN:41,(anonymous_1)
FN:52,(anonymous_2)
FN:69,(anonymous_3)
FN:101,(anonymous_4)
FNF:5
FNH:5
FNDA:3,(anonymous_0)
FNDA:2,(anonymous_1)
FNDA:3,(anonymous_2)
FNDA:3,(anonymous_3)
FNDA:3,(anonymous_4)
DA:1,1
DA:2,1
DA:5,1
DA:6,3
DA:7,3
DA:10,3
DA:11,3
DA:12,1
DA:16,2
DA:19,2
DA:26,2
DA:29,1
DA:35,1
DA:36,1
DA:41,1
DA:42,2
DA:43,2
DA:44,1
DA:46,1
DA:47,1
DA:52,1
DA:53,3
DA:54,3
DA:55,3
DA:57,2
DA:58,1
DA:61,1
DA:63,1
DA:64,1
DA:69,1
DA:70,3
DA:71,3
DA:72,3
DA:75,3
DA:76,3
DA:77,1
DA:81,2
DA:82,2
DA:83,2
DA:87,2
DA:88,2
DA:89,2
DA:92,2
DA:93,1
DA:95,1
DA:96,1
DA:101,1
DA:102,3
DA:103,3
DA:106,3
DA:107,3
DA:108,1
DA:112,2
DA:114,1
DA:116,1
DA:117,1
LF:56
LH:56
BRDA:11,0,0,1
BRDA:11,0,1,2
BRDA:57,1,0,1
BRDA:57,1,1,1
BRDA:76,2,0,1
BRDA:76,2,1,2
BRDA:82,3,0,2
BRDA:82,3,1,0
BRDA:107,4,0,1
BRDA:107,4,1,2
BRF:10
BRH:9
end_of_record
TN:
SF:models\studentModel.js
FNF:0
FNH:0
DA:1,1
DA:2,1
DA:4,1
DA:13,1
LF:4
LH:4
BRF:0
BRH:0
end_of_record
TN:
SF:utils\hash.js
FN:4,(anonymous_0)
FN:9,(anonymous_1)
FNF:2
FNH:0
FNDA:0,(anonymous_0)
FNDA:0,(anonymous_1)
DA:1,1
DA:2,1
DA:4,1
DA:5,0
DA:6,0
DA:9,1
DA:10,0
DA:13,1
LF:8
LH:5
BRF:0
BRH:0
end_of_record
TN:
SF:utils\studentValidation.js
FNF:0
FNH:0
DA:2,1
DA:4,1
DA:10,1
DA:16,1
LF:4
LH:4
BRF:0
BRH:0
end_of_record
TN:
SF:utils\validateFn.js
FN:1,(anonymous_0)
FN:2,(anonymous_1)
FNF:2
FNH:0
FNDA:0,(anonymous_0)
FNDA:0,(anonymous_1)
DA:1,1
DA:2,0
DA:3,0
DA:4,0
DA:5,0
DA:7,0
DA:11,1
LF:7
LH:2
BRDA:4,0,0,0
BRDA:4,0,1,0
BRF:2
BRH:0
end_of_record
